{"/Users/maxdiplo/full_stack_assessment_skeleton/backend/src/app-data-source.ts": {"path":"/Users/maxdiplo/full_stack_assessment_skeleton/backend/src/app-data-source.ts","statementMap":{"0":{"start":{"line":1,"column":0},"end":{"line":1,"column":37}},"1":{"start":{"line":4,"column":13},"end":{"line":15,"column":3}}},"fnMap":{},"branchMap":{},"s":{"0":1,"1":1},"f":{},"b":{}}
,"/Users/maxdiplo/full_stack_assessment_skeleton/backend/src/index.ts": {"path":"/Users/maxdiplo/full_stack_assessment_skeleton/backend/src/index.ts","statementMap":{"0":{"start":{"line":1,"column":0},"end":{"line":1,"column":53}},"1":{"start":{"line":2,"column":0},"end":{"line":2,"column":28}},"2":{"start":{"line":3,"column":0},"end":{"line":3,"column":24}},"3":{"start":{"line":6,"column":0},"end":{"line":6,"column":49}},"4":{"start":{"line":14,"column":0},"end":{"line":14,"column":46}},"5":{"start":{"line":15,"column":0},"end":{"line":15,"column":46}},"6":{"start":{"line":19,"column":0},"end":{"line":19,"column":16}},"7":{"start":{"line":26,"column":4},"end":{"line":26,"column":15}},"8":{"start":{"line":30,"column":0},"end":{"line":37,"column":4}},"9":{"start":{"line":33,"column":2},"end":{"line":33,"column":42}},"10":{"start":{"line":36,"column":2},"end":{"line":36,"column":71}},"11":{"start":{"line":41,"column":12},"end":{"line":41,"column":21}},"12":{"start":{"line":45,"column":0},"end":{"line":47,"column":4}},"13":{"start":{"line":48,"column":0},"end":{"line":48,"column":48}},"14":{"start":{"line":49,"column":0},"end":{"line":49,"column":24}},"15":{"start":{"line":53,"column":0},"end":{"line":53,"column":29}},"16":{"start":{"line":54,"column":0},"end":{"line":54,"column":29}},"17":{"start":{"line":56,"column":0},"end":{"line":58,"column":3}},"18":{"start":{"line":57,"column":1},"end":{"line":57,"column":40}},"19":{"start":{"line":62,"column":13},"end":{"line":64,"column":3}},"20":{"start":{"line":63,"column":1},"end":{"line":63,"column":62}},"21":{"start":{"line":67,"column":0},"end":{"line":67,"column":19}}},"fnMap":{"0":{"name":"(anonymous_1)","decl":{"start":{"line":32,"column":7},"end":{"line":32,"column":10}},"loc":{"start":{"line":32,"column":12},"end":{"line":34,"column":2}}},"1":{"name":"(anonymous_2)","decl":{"start":{"line":35,"column":8},"end":{"line":35,"column":9}},"loc":{"start":{"line":35,"column":18},"end":{"line":37,"column":2}}},"2":{"name":"(anonymous_3)","decl":{"start":{"line":56,"column":13},"end":{"line":56,"column":18}},"loc":{"start":{"line":56,"column":51},"end":{"line":58,"column":1}}},"3":{"name":"(anonymous_4)","decl":{"start":{"line":62,"column":39},"end":{"line":62,"column":42}},"loc":{"start":{"line":62,"column":44},"end":{"line":64,"column":1}}}},"branchMap":{},"s":{"0":1,"1":1,"2":1,"3":1,"4":1,"5":1,"6":1,"7":1,"8":1,"9":1,"10":0,"11":1,"12":1,"13":1,"14":1,"15":1,"16":1,"17":1,"18":0,"19":1,"20":1,"21":1},"f":{"0":1,"1":0,"2":0,"3":1},"b":{}}
,"/Users/maxdiplo/full_stack_assessment_skeleton/backend/src/controllers/homeControllers/findHomesByUserId.ts": {"path":"/Users/maxdiplo/full_stack_assessment_skeleton/backend/src/controllers/homeControllers/findHomesByUserId.ts","statementMap":{"0":{"start":{"line":4,"column":0},"end":{"line":4,"column":53}},"1":{"start":{"line":7,"column":0},"end":{"line":7,"column":48}},"2":{"start":{"line":8,"column":0},"end":{"line":8,"column":64}},"3":{"start":{"line":11,"column":26},"end":{"line":42,"column":1}},"4":{"start":{"line":13,"column":23},"end":{"line":13,"column":33}},"5":{"start":{"line":15,"column":28},"end":{"line":15,"column":37}},"6":{"start":{"line":17,"column":23},"end":{"line":17,"column":56}},"7":{"start":{"line":18,"column":22},"end":{"line":18,"column":57}},"8":{"start":{"line":20,"column":17},"end":{"line":20,"column":45}},"9":{"start":{"line":23,"column":4},"end":{"line":41,"column":5}},"10":{"start":{"line":24,"column":46},"end":{"line":30,"column":30}},"11":{"start":{"line":32,"column":8},"end":{"line":37,"column":11}},"12":{"start":{"line":39,"column":8},"end":{"line":39,"column":77}},"13":{"start":{"line":40,"column":8},"end":{"line":40,"column":27}},"14":{"start":{"line":45,"column":0},"end":{"line":45,"column":33}}},"fnMap":{"0":{"name":"(anonymous_0)","decl":{"start":{"line":11,"column":26},"end":{"line":11,"column":31}},"loc":{"start":{"line":11,"column":84},"end":{"line":42,"column":1}}}},"branchMap":{"0":{"loc":{"start":{"line":17,"column":23},"end":{"line":17,"column":56}},"type":"binary-expr","locations":[{"start":{"line":17,"column":23},"end":{"line":17,"column":51}},{"start":{"line":17,"column":55},"end":{"line":17,"column":56}}]},"1":{"loc":{"start":{"line":18,"column":22},"end":{"line":18,"column":57}},"type":"binary-expr","locations":[{"start":{"line":18,"column":22},"end":{"line":18,"column":51}},{"start":{"line":18,"column":55},"end":{"line":18,"column":57}}]}},"s":{"0":1,"1":1,"2":1,"3":1,"4":1,"5":1,"6":1,"7":1,"8":1,"9":1,"10":1,"11":1,"12":0,"13":0,"14":1},"f":{"0":1},"b":{"0":[1,1],"1":[1,1]}}
,"/Users/maxdiplo/full_stack_assessment_skeleton/backend/src/controllers/homeControllers/updateUsersForHomeId.ts": {"path":"/Users/maxdiplo/full_stack_assessment_skeleton/backend/src/controllers/homeControllers/updateUsersForHomeId.ts","statementMap":{"0":{"start":{"line":4,"column":0},"end":{"line":4,"column":53}},"1":{"start":{"line":8,"column":0},"end":{"line":8,"column":64}},"2":{"start":{"line":12,"column":29},"end":{"line":71,"column":1}},"3":{"start":{"line":14,"column":23},"end":{"line":14,"column":33}},"4":{"start":{"line":17,"column":43},"end":{"line":17,"column":51}},"5":{"start":{"line":19,"column":4},"end":{"line":70,"column":5}},"6":{"start":{"line":20,"column":38},"end":{"line":20,"column":77}},"7":{"start":{"line":22,"column":8},"end":{"line":34,"column":9}},"8":{"start":{"line":23,"column":12},"end":{"line":27,"column":27}},"9":{"start":{"line":29,"column":12},"end":{"line":29,"column":60}},"10":{"start":{"line":30,"column":12},"end":{"line":33,"column":15}},"11":{"start":{"line":37,"column":8},"end":{"line":43,"column":23}},"12":{"start":{"line":46,"column":38},"end":{"line":46,"column":110}},"13":{"start":{"line":47,"column":32},"end":{"line":47,"column":77}},"14":{"start":{"line":47,"column":65},"end":{"line":47,"column":76}},"15":{"start":{"line":50,"column":27},"end":{"line":50,"column":99}},"16":{"start":{"line":50,"column":65},"end":{"line":50,"column":98}},"17":{"start":{"line":51,"column":33},"end":{"line":56,"column":10}},"18":{"start":{"line":52,"column":35},"end":{"line":52,"column":52}},"19":{"start":{"line":53,"column":12},"end":{"line":53,"column":52}},"20":{"start":{"line":54,"column":12},"end":{"line":54,"column":52}},"21":{"start":{"line":55,"column":12},"end":{"line":55,"column":null}},"22":{"start":{"line":58,"column":8},"end":{"line":58,"column":64}},"23":{"start":{"line":60,"column":8},"end":{"line":62,"column":9}},"24":{"start":{"line":61,"column":12},"end":{"line":61,"column":63}},"25":{"start":{"line":64,"column":8},"end":{"line":66,"column":11}},"26":{"start":{"line":68,"column":8},"end":{"line":68,"column":79}},"27":{"start":{"line":69,"column":8},"end":{"line":69,"column":27}},"28":{"start":{"line":74,"column":0},"end":{"line":74,"column":36}}},"fnMap":{"0":{"name":"(anonymous_0)","decl":{"start":{"line":12,"column":29},"end":{"line":12,"column":34}},"loc":{"start":{"line":12,"column":87},"end":{"line":71,"column":1}}},"1":{"name":"(anonymous_1)","decl":{"start":{"line":47,"column":58},"end":{"line":47,"column":61}},"loc":{"start":{"line":47,"column":65},"end":{"line":47,"column":76}}},"2":{"name":"(anonymous_2)","decl":{"start":{"line":50,"column":45},"end":{"line":50,"column":46}},"loc":{"start":{"line":50,"column":65},"end":{"line":50,"column":98}}},"3":{"name":"(anonymous_3)","decl":{"start":{"line":51,"column":48},"end":{"line":51,"column":49}},"loc":{"start":{"line":51,"column":67},"end":{"line":56,"column":9}}}},"branchMap":{"0":{"loc":{"start":{"line":22,"column":8},"end":{"line":34,"column":9}},"type":"if","locations":[{"start":{"line":22,"column":8},"end":{"line":34,"column":9}}]},"1":{"loc":{"start":{"line":60,"column":8},"end":{"line":62,"column":9}},"type":"if","locations":[{"start":{"line":60,"column":8},"end":{"line":62,"column":9}}]}},"s":{"0":1,"1":1,"2":1,"3":1,"4":1,"5":1,"6":1,"7":1,"8":0,"9":0,"10":0,"11":1,"12":1,"13":1,"14":2,"15":1,"16":2,"17":1,"18":0,"19":0,"20":0,"21":0,"22":1,"23":1,"24":0,"25":1,"26":0,"27":0,"28":1},"f":{"0":1,"1":2,"2":2,"3":0},"b":{"0":[0],"1":[0]}}
,"/Users/maxdiplo/full_stack_assessment_skeleton/backend/src/controllers/userControllers/findAllUsers.ts": {"path":"/Users/maxdiplo/full_stack_assessment_skeleton/backend/src/controllers/userControllers/findAllUsers.ts","statementMap":{"0":{"start":{"line":4,"column":0},"end":{"line":4,"column":53}},"1":{"start":{"line":7,"column":0},"end":{"line":7,"column":48}},"2":{"start":{"line":10,"column":21},"end":{"line":22,"column":1}},"3":{"start":{"line":12,"column":4},"end":{"line":21,"column":5}},"4":{"start":{"line":13,"column":22},"end":{"line":13,"column":67}},"5":{"start":{"line":15,"column":8},"end":{"line":17,"column":11}},"6":{"start":{"line":19,"column":8},"end":{"line":19,"column":58}},"7":{"start":{"line":20,"column":8},"end":{"line":20,"column":27}},"8":{"start":{"line":25,"column":0},"end":{"line":25,"column":28}}},"fnMap":{"0":{"name":"(anonymous_0)","decl":{"start":{"line":10,"column":21},"end":{"line":10,"column":26}},"loc":{"start":{"line":10,"column":79},"end":{"line":22,"column":1}}}},"branchMap":{},"s":{"0":1,"1":1,"2":1,"3":1,"4":1,"5":1,"6":0,"7":0,"8":1},"f":{"0":1},"b":{}}
,"/Users/maxdiplo/full_stack_assessment_skeleton/backend/src/controllers/userControllers/findUsersByHomeId.ts": {"path":"/Users/maxdiplo/full_stack_assessment_skeleton/backend/src/controllers/userControllers/findUsersByHomeId.ts","statementMap":{"0":{"start":{"line":4,"column":0},"end":{"line":4,"column":53}},"1":{"start":{"line":7,"column":0},"end":{"line":7,"column":48}},"2":{"start":{"line":8,"column":0},"end":{"line":8,"column":64}},"3":{"start":{"line":11,"column":26},"end":{"line":29,"column":1}},"4":{"start":{"line":13,"column":23},"end":{"line":13,"column":33}},"5":{"start":{"line":15,"column":4},"end":{"line":28,"column":5}},"6":{"start":{"line":16,"column":37},"end":{"line":20,"column":22}},"7":{"start":{"line":22,"column":8},"end":{"line":24,"column":11}},"8":{"start":{"line":26,"column":8},"end":{"line":26,"column":77}},"9":{"start":{"line":27,"column":8},"end":{"line":27,"column":27}},"10":{"start":{"line":32,"column":0},"end":{"line":32,"column":33}}},"fnMap":{"0":{"name":"(anonymous_0)","decl":{"start":{"line":11,"column":26},"end":{"line":11,"column":31}},"loc":{"start":{"line":11,"column":84},"end":{"line":29,"column":1}}}},"branchMap":{},"s":{"0":1,"1":1,"2":1,"3":1,"4":1,"5":1,"6":1,"7":1,"8":0,"9":0,"10":1},"f":{"0":1},"b":{}}
,"/Users/maxdiplo/full_stack_assessment_skeleton/backend/src/entity/home.entity.ts": {"path":"/Users/maxdiplo/full_stack_assessment_skeleton/backend/src/entity/home.entity.ts","statementMap":{"0":{"start":{"line":1,"column":0},"end":{"line":1,"column":65}},"1":{"start":{"line":5,"column":7},"end":{"line":29,"column":null}},"2":{"start":{"line":5,"column":13},"end":{"line":5,"column":17}},"3":{"start":{"line":7,"column":4},"end":{"line":7,"column":null}},"4":{"start":{"line":10,"column":4},"end":{"line":10,"column":null}},"5":{"start":{"line":13,"column":4},"end":{"line":13,"column":null}},"6":{"start":{"line":16,"column":4},"end":{"line":16,"column":null}},"7":{"start":{"line":19,"column":4},"end":{"line":19,"column":null}},"8":{"start":{"line":22,"column":4},"end":{"line":22,"column":null}},"9":{"start":{"line":25,"column":4},"end":{"line":25,"column":null}},"10":{"start":{"line":28,"column":4},"end":{"line":28,"column":null}},"11":{"start":{"line":5,"column":13},"end":{"line":29,"column":null}}},"fnMap":{},"branchMap":{},"s":{"0":1,"1":1,"2":1,"3":1,"4":1,"5":1,"6":1,"7":1,"8":1,"9":1,"10":1,"11":1},"f":{},"b":{}}
,"/Users/maxdiplo/full_stack_assessment_skeleton/backend/src/entity/user-home-rel.entity.ts": {"path":"/Users/maxdiplo/full_stack_assessment_skeleton/backend/src/entity/user-home-rel.entity.ts","statementMap":{"0":{"start":{"line":1,"column":0},"end":{"line":1,"column":71}},"1":{"start":{"line":2,"column":0},"end":{"line":2,"column":37}},"2":{"start":{"line":3,"column":0},"end":{"line":3,"column":37}},"3":{"start":{"line":7,"column":7},"end":{"line":21,"column":null}},"4":{"start":{"line":7,"column":13},"end":{"line":7,"column":24}},"5":{"start":{"line":9,"column":4},"end":{"line":9,"column":null}},"6":{"start":{"line":12,"column":4},"end":{"line":12,"column":null}},"7":{"start":{"line":16,"column":4},"end":{"line":16,"column":null}},"8":{"start":{"line":14,"column":21},"end":{"line":14,"column":25}},"9":{"start":{"line":14,"column":35},"end":{"line":14,"column":47}},"10":{"start":{"line":20,"column":4},"end":{"line":20,"column":null}},"11":{"start":{"line":18,"column":21},"end":{"line":18,"column":25}},"12":{"start":{"line":18,"column":35},"end":{"line":18,"column":47}},"13":{"start":{"line":7,"column":13},"end":{"line":21,"column":null}}},"fnMap":{"0":{"name":"(anonymous_2)","decl":{"start":{"line":14,"column":15},"end":{"line":14,"column":18}},"loc":{"start":{"line":14,"column":21},"end":{"line":14,"column":25}}},"1":{"name":"(anonymous_3)","decl":{"start":{"line":14,"column":27},"end":{"line":14,"column":31}},"loc":{"start":{"line":14,"column":35},"end":{"line":14,"column":47}}},"2":{"name":"(anonymous_4)","decl":{"start":{"line":18,"column":15},"end":{"line":18,"column":18}},"loc":{"start":{"line":18,"column":21},"end":{"line":18,"column":25}}},"3":{"name":"(anonymous_5)","decl":{"start":{"line":18,"column":27},"end":{"line":18,"column":31}},"loc":{"start":{"line":18,"column":35},"end":{"line":18,"column":47}}}},"branchMap":{},"s":{"0":1,"1":1,"2":1,"3":1,"4":1,"5":1,"6":1,"7":1,"8":2,"9":2,"10":1,"11":2,"12":2,"13":1},"f":{"0":2,"1":2,"2":2,"3":2},"b":{}}
,"/Users/maxdiplo/full_stack_assessment_skeleton/backend/src/entity/user.entity.ts": {"path":"/Users/maxdiplo/full_stack_assessment_skeleton/backend/src/entity/user.entity.ts","statementMap":{"0":{"start":{"line":1,"column":0},"end":{"line":1,"column":65}},"1":{"start":{"line":5,"column":7},"end":{"line":14,"column":null}},"2":{"start":{"line":5,"column":13},"end":{"line":5,"column":17}},"3":{"start":{"line":7,"column":4},"end":{"line":7,"column":null}},"4":{"start":{"line":10,"column":4},"end":{"line":10,"column":null}},"5":{"start":{"line":13,"column":4},"end":{"line":13,"column":null}},"6":{"start":{"line":5,"column":13},"end":{"line":14,"column":null}}},"fnMap":{},"branchMap":{},"s":{"0":1,"1":1,"2":1,"3":1,"4":1,"5":1,"6":1},"f":{},"b":{}}
,"/Users/maxdiplo/full_stack_assessment_skeleton/backend/src/routers/homeRouter.ts": {"path":"/Users/maxdiplo/full_stack_assessment_skeleton/backend/src/routers/homeRouter.ts","statementMap":{"0":{"start":{"line":1,"column":0},"end":{"line":1,"column":30}},"1":{"start":{"line":4,"column":0},"end":{"line":4,"column":81}},"2":{"start":{"line":5,"column":0},"end":{"line":5,"column":87}},"3":{"start":{"line":9,"column":19},"end":{"line":9,"column":35}},"4":{"start":{"line":12,"column":0},"end":{"line":13,"column":28}},"5":{"start":{"line":15,"column":0},"end":{"line":16,"column":31}},"6":{"start":{"line":19,"column":0},"end":{"line":19,"column":26}}},"fnMap":{},"branchMap":{},"s":{"0":1,"1":1,"2":1,"3":1,"4":1,"5":1,"6":1},"f":{},"b":{}}
,"/Users/maxdiplo/full_stack_assessment_skeleton/backend/src/routers/userRouter.ts": {"path":"/Users/maxdiplo/full_stack_assessment_skeleton/backend/src/routers/userRouter.ts","statementMap":{"0":{"start":{"line":1,"column":0},"end":{"line":1,"column":30}},"1":{"start":{"line":4,"column":0},"end":{"line":4,"column":71}},"2":{"start":{"line":5,"column":0},"end":{"line":5,"column":81}},"3":{"start":{"line":9,"column":19},"end":{"line":9,"column":35}},"4":{"start":{"line":12,"column":0},"end":{"line":13,"column":23}},"5":{"start":{"line":15,"column":0},"end":{"line":16,"column":28}},"6":{"start":{"line":19,"column":0},"end":{"line":19,"column":26}}},"fnMap":{},"branchMap":{},"s":{"0":1,"1":1,"2":1,"3":1,"4":1,"5":1,"6":1},"f":{},"b":{}}
}
