TN:
SF:src/app-data-source.ts
FNF:0
FNH:0
DA:1,1
DA:4,1
LF:2
LH:2
BRF:0
BRH:0
end_of_record
TN:
SF:src/index.ts
FN:32,(anonymous_1)
FN:35,(anonymous_2)
FN:56,(anonymous_3)
FN:62,(anonymous_4)
FNF:4
FNH:2
FNDA:1,(anonymous_1)
FNDA:0,(anonymous_2)
FNDA:0,(anonymous_3)
FNDA:1,(anonymous_4)
DA:1,1
DA:2,1
DA:3,1
DA:6,1
DA:14,1
DA:15,1
DA:19,1
DA:26,1
DA:30,1
DA:33,1
DA:36,0
DA:41,1
DA:45,1
DA:48,1
DA:49,1
DA:53,1
DA:54,1
DA:56,1
DA:57,0
DA:62,1
DA:63,1
DA:67,1
LF:22
LH:20
BRF:0
BRH:0
end_of_record
TN:
SF:src/controllers/homeControllers/findHomesByUserId.ts
FN:11,(anonymous_0)
FNF:1
FNH:1
FNDA:1,(anonymous_0)
DA:4,1
DA:7,1
DA:8,1
DA:11,1
DA:13,1
DA:15,1
DA:17,1
DA:18,1
DA:20,1
DA:23,1
DA:24,1
DA:32,1
DA:39,0
DA:40,0
DA:45,1
LF:15
LH:13
BRDA:17,0,0,1
BRDA:17,0,1,1
BRDA:18,1,0,1
BRDA:18,1,1,1
BRF:4
BRH:4
end_of_record
TN:
SF:src/controllers/homeControllers/updateUsersForHomeId.ts
FN:12,(anonymous_0)
FN:47,(anonymous_1)
FN:50,(anonymous_2)
FN:51,(anonymous_3)
FNF:4
FNH:3
FNDA:1,(anonymous_0)
FNDA:2,(anonymous_1)
FNDA:2,(anonymous_2)
FNDA:0,(anonymous_3)
DA:4,1
DA:8,1
DA:12,1
DA:14,1
DA:17,1
DA:19,1
DA:20,1
DA:22,1
DA:23,0
DA:29,0
DA:30,0
DA:37,1
DA:46,1
DA:47,2
DA:50,2
DA:51,1
DA:52,0
DA:53,0
DA:54,0
DA:55,0
DA:58,1
DA:60,1
DA:61,0
DA:64,1
DA:68,0
DA:69,0
DA:74,1
LF:27
LH:17
BRDA:22,0,0,0
BRDA:60,1,0,0
BRF:2
BRH:0
end_of_record
TN:
SF:src/controllers/userControllers/findAllUsers.ts
FN:10,(anonymous_0)
FNF:1
FNH:1
FNDA:1,(anonymous_0)
DA:4,1
DA:7,1
DA:10,1
DA:12,1
DA:13,1
DA:15,1
DA:19,0
DA:20,0
DA:25,1
LF:9
LH:7
BRF:0
BRH:0
end_of_record
TN:
SF:src/controllers/userControllers/findUsersByHomeId.ts
FN:11,(anonymous_0)
FNF:1
FNH:1
FNDA:1,(anonymous_0)
DA:4,1
DA:7,1
DA:8,1
DA:11,1
DA:13,1
DA:15,1
DA:16,1
DA:22,1
DA:26,0
DA:27,0
DA:32,1
LF:11
LH:9
BRF:0
BRH:0
end_of_record
TN:
SF:src/entity/home.entity.ts
FNF:0
FNH:0
DA:1,1
DA:5,1
DA:7,1
DA:10,1
DA:13,1
DA:16,1
DA:19,1
DA:22,1
DA:25,1
DA:28,1
LF:10
LH:10
BRF:0
BRH:0
end_of_record
TN:
SF:src/entity/user-home-rel.entity.ts
FN:14,(anonymous_2)
FN:14,(anonymous_3)
FN:18,(anonymous_4)
FN:18,(anonymous_5)
FNF:4
FNH:4
FNDA:2,(anonymous_2)
FNDA:2,(anonymous_3)
FNDA:2,(anonymous_4)
FNDA:2,(anonymous_5)
DA:1,1
DA:2,1
DA:3,1
DA:7,1
DA:9,1
DA:12,1
DA:14,2
DA:16,1
DA:18,2
DA:20,1
LF:10
LH:10
BRF:0
BRH:0
end_of_record
TN:
SF:src/entity/user.entity.ts
FNF:0
FNH:0
DA:1,1
DA:5,1
DA:7,1
DA:10,1
DA:13,1
LF:5
LH:5
BRF:0
BRH:0
end_of_record
TN:
SF:src/routers/homeRouter.ts
FNF:0
FNH:0
DA:1,1
DA:4,1
DA:5,1
DA:9,1
DA:12,1
DA:15,1
DA:19,1
LF:7
LH:7
BRF:0
BRH:0
end_of_record
TN:
SF:src/routers/userRouter.ts
FNF:0
FNH:0
DA:1,1
DA:4,1
DA:5,1
DA:9,1
DA:12,1
DA:15,1
DA:19,1
LF:7
LH:7
BRF:0
BRH:0
end_of_record
